<?xml version="1.0" encoding="UTF-8"?>
<testsuite xmlns:xsi="http://www.w3.org/2001/XMLSchema-instance" xsi:schemaLocation="https://maven.apache.org/surefire/maven-surefire-plugin/xsd/surefire-test-report.xsd" name="TestSuite" time="2.602" tests="10" errors="0" skipped="9" failures="1">
  <properties>
[...]
</properties>
  <testcase name="setup" classname="testclasses.GTest" time="1.472">
    <failure message="org/openqa/selenium/remote/service/DriverService$Builder" type="java.lang.NoClassDefFoundError">java.lang.NoClassDefFoundError: org/openqa/selenium/remote/service/DriverService$Builder
	at testclasses.GTest.setup(GTest.java:28)
Caused by: java.lang.ClassNotFoundException: org.openqa.selenium.remote.service.DriverService$Builder
	at testclasses.GTest.setup(GTest.java:28)
</failure>
  </testcase>
  <testcase name="registration" classname="testclasses.GTest" time="0">
    <skipped message="org/openqa/selenium/remote/service/DriverService$Builder"/>
  </testcase>
  <testcase name="loginWithCredential" classname="testclasses.GTest" time="0">
    <skipped message="org/openqa/selenium/remote/service/DriverService$Builder"/>
  </testcase>
  <testcase name="verifyHomePage" classname="testclasses.GTest" time="0">
    <skipped message="org/openqa/selenium/remote/service/DriverService$Builder"/>
  </testcase>
  <testcase name="verifyManagerId" classname="testclasses.GTest" time="0">
    <skipped message="Method GTest.verifyManagerId()[pri:4, instance:testclasses.GTest@3567135c] depends on not successfully finished methods"/>
  </testcase>
  <testcase name="addNewCustomer" classname="testclasses.GTest" time="0">
    <skipped message="org/openqa/selenium/remote/service/DriverService$Builder"/>
  </testcase>
  <testcase name="customerAddedSuccessfully" classname="testclasses.GTest" time="0">
    <skipped message="org/openqa/selenium/remote/service/DriverService$Builder"/>
  </testcase>
  <testcase name="editCustomer" classname="testclasses.GTest" time="0">
    <skipped message="org/openqa/selenium/remote/service/DriverService$Builder"/>
  </testcase>
  <testcase name="deleteCustomer" classname="testclasses.GTest" time="0">
    <skipped message="org/openqa/selenium/remote/service/DriverService$Builder"/>
  </testcase>
  <testcase name="addNewAc" classname="testclasses.GTest" time="0">
    <skipped message="org/openqa/selenium/remote/service/DriverService$Builder"/>
  </testcase>
</testsuite>